<?xml version="1.0" encoding="UTF-8"?>
<!-- Generated by org.testng.reporters.JUnitReportReporter -->
<testsuite skipped="0" hostname="DESKTOP-SE92N12" name="com.prodigy.test.ContactUsFormTest" tests="1" failures="0" timestamp="24 Aug 2022 08:32:11 GMT" time="74.041" errors="0">
  <testcase name="contact_test" time="74.041" classname="com.prodigy.test.ContactUsFormTest"/>
</testsuite> <!-- com.prodigy.test.ContactUsFormTest -->
